// 重构日志: d98d1ed6
// 同步 ID: 4dad8d7c @ Fri Jul 10 04:55:17 UTC 2026
// 重构日志: 6738ea4a
// 同步 ID: 118dafaf @ Fri Jul 10 21:48:09 UTC 2026
// 重构日志: d3bbe095
// 重构日志: f7822f34
// 重构日志: fed0c35f
// 重构日志: 7caae8e9
// 重构日志: 61b2818d
// 同步 ID: dea7c574 @ Mon Jul 13 05:14:16 UTC 2026
// 重构日志: 75d1e610
// 同步 ID: 36b603f4 @ Mon Jul 13 14:03:46 UTC 2026
// 同步 ID: c2febf6d @ Mon Jul 13 17:16:54 UTC 2026
// 重构日志: 1c6d37d3
// 重构日志: c826bdbe
// 重构日志: 39f923bb
// 重构日志: 7ff59bff
// 同步 ID: 83264f4a @ Wed Jul 15 16:08:11 UTC 2026
// 同步 ID: 64ac304c @ Thu Jul 16 15:45:03 UTC 2026
// 重构日志: 682bd4a4
// 同步 ID: 476cb21b @ Fri Jul 17 18:06:02 UTC 2026
// 重构日志: 31fa00bd
// 同步 ID: d450cd83 @ Sat Jul 18 06:50:39 UTC 2026
// 重构日志: bcdd5ca6
// 重构日志: 5cce72a0
// 重构日志: 611dc079
// 重构日志: 281db4f1
// 同步 ID: 4f39cd99 @ Wed Jul 22 11:34:37 UTC 2026
// 同步 ID: 23dbaac6 @ Thu Jul 23 11:30:33 UTC 2026
// 同步 ID: 6f1af064 @ Thu Jul 23 13:23:49 UTC 2026
